<?xml version="1.0" encoding="UTF-8"?>
<!-- Generated by org.testng.reporters.JUnitReportReporter -->
<testsuite hostname="DESKTOP-7I9F7TC" name="com.qa.test.PostApiTest" tests="3" failures="0" timestamp="18 Nov 2020 09:17:03 GMT" time="0.091" errors="0">
  <testcase name="queryAgentTest" time="0.025" classname="com.qa.test.PostApiTest"/>
  <testcase name="getServerTest" time="0.039" classname="com.qa.test.PostApiTest"/>
  <testcase name="getApp" time="0.027" classname="com.qa.test.PostApiTest"/>
</testsuite> <!-- com.qa.test.PostApiTest -->
