<?xml version="1.0" encoding="UTF-8"?>
<!-- Generated by org.testng.reporters.JUnitReportReporter -->
<testsuite hostname="DESKTOP-7I9F7TC" name="com.qa.webgoat.WebGoatApiTest" tests="1" failures="0" timestamp="12 Nov 2020 09:31:47 GMT" time="0.130" errors="0">
  <testcase name="queryAgentTest" time="0.130" classname="com.qa.webgoat.WebGoatApiTest"/>
</testsuite> <!-- com.qa.webgoat.WebGoatApiTest -->
